<?xml version="1.0" encoding="UTF-8"?>
<!-- Generated by org.testng.reporters.JUnitReportReporter -->
<testsuite hostname="sid" failures="0" tests="1" name="NewTest" time="48.854" errors="0" timestamp="2024-11-23T22:19:25 IST" skipped="0">
  <testcase classname="NewTest" name="f" time="48.854"/>
  <system-out/>
</testsuite> <!-- NewTest -->
